09:47:47.336 INFO  - 所接收的行李裝載資料列表字串 = 
{
  "LoadingList": {
    "Header": {
      "Source": "SYS_A3",
      "Destination": "SYS_BRS",
      "SendTime": "20200925163928.321"
    },
    "Body": [
      {
        "Truck": {
          "BasicInfo": {
            "ID": {
              "TruckTag": "A3-A11",
              "SealTag": "truckseal921"
            },
            "Records": {
              "DeliveryTime": "20200925163928.321",
              "ContainerCount": 1,
              "GUID": "Car_truckseal921_20200925163928_1",
              "Location": "A3",
              "PDASN": "PDA-01"
            }
          },
          "Containers": [
            {
              "Container": {
                "BasicInfo": {
                  "ID": {
                    "ContainerTag": "315011",
                    "SealTag": "0122011"
                  },
                  "Records": {
                    "SealTime": "20200925163928.321",
                    "LoadTime": "20200925163928.321",
                    "BagCount": 2,
                    "GUID": "Container_0122011_20200925163928_2",
                    "Location": "A3",
                    "PDASN": "PDA-01"
                  }
                },
                "LoadedBaggage": [
                  {
                    "Baggage": {
                      "ID": {
                        "BagTag": "7890011011"
                      },
                      "Records": {
                        "Loading": {
                          "LoadPlace": "A3",
                          "LoadTime": "20200925163928.321"
                        }
                      }
                    }
                  },
                  {
                    "Baggage": {
                      "ID": {
                        "BagTag": "7890011012"
                      },
                      "Records": {
                        "Loading": {
                          "LoadPlace": "A3",
                          "LoadTime": "20200925163928.321"
                        }
                      }
                    }
                  }
                ]
              }
            }
          ]
        }
      },
      {
        "Truck": {
          "BasicInfo": {
            "ID": {
              "TruckTag": "A3-A12",
              "SealTag": "truckseal922"
            },
            "Records": {
              "DeliveryTime": "20200925163928.321",
              "ContainerCount": 2,
              "GUID": "Car_truckseal922_20200925163928_1",
              "Location": "A3",
              "PDASN": "PDA-01"
            }
          },
          "Containers": [
            {
              "Container": {
                "BasicInfo": {
                  "ID": {
                    "ContainerTag": "315012",
                    "SealTag": "0122012"
                  },
                  "Records": {
                    "SealTime": "20200925163928.321",
                    "LoadTime": "20200925163928.321",
                    "BagCount": 3,
                    "GUID": "Container_0122012_20200925163928_3",
                    "Location": "A3",
                    "PDASN": "PDA-02"
                  }
                },
                "LoadedBaggage": [
                  {
                    "Baggage": {
                      "ID": {
                        "BagTag": "7890012011"
                      },
                      "Records": {
                        "Loading": {
                          "LoadPlace": "A3",
                          "LoadTime": "20200925163928.321"
                        }
                      }
                    }
                  },
                  {
                    "Baggage": {
                      "ID": {
                        "BagTag": "7890012012"
                      },
                      "Records": {
                        "Loading": {
                          "LoadPlace": "A3",
                          "LoadTime": "20200925163928.321"
                        }
                      }
                    }
                  },
                  {
                    "Baggage": {
                      "ID": {
                        "BagTag": "7890012013"
                      },
                      "Records": {
                        "Loading": {
                          "LoadPlace": "A3",
                          "LoadTime": "20200925163928.321"
                        }
                      }
                    }
                  }
                ]
              }
            }
          ]
        }
      }
    ]
  }
}

09:47:47.401 INFO  - 開始解析行李裝載資料列表字串，Service_Mode = '0'，, setDate = '2020/10/22 上午 12:00:00'
09:48:45.296 INFO  - 所接收的行李裝載資料列表字串 = 
{
  "LoadingList": {
    "Header": {
      "Source": "SYS_A3",
      "Destination": "SYS_BRS",
      "SendTime": "20200925163928.321"
    },
    "Body": [
      {
        "Truck": {
          "BasicInfo": {
            "ID": {
              "TruckTag": "A3-A11",
              "SealTag": "truckseal921"
            },
            "Records": {
              "DeliveryTime": "20200925163928.321",
              "ContainerCount": 1,
              "GUID": "Car_truckseal921_20200925163928_1",
              "Location": "A3",
              "PDASN": "PDA-01"
            }
          },
          "Containers": [
            {
              "Container": {
                "BasicInfo": {
                  "ID": {
                    "ContainerTag": "315011",
                    "SealTag": "0122011"
                  },
                  "Records": {
                    "SealTime": "20200925163928.321",
                    "LoadTime": "20200925163928.321",
                    "BagCount": 2,
                    "GUID": "Container_0122011_20200925163928_2",
                    "Location": "A3",
                    "PDASN": "PDA-01"
                  }
                },
                "LoadedBaggage": [
                  {
                    "Baggage": {
                      "ID": {
                        "BagTag": "7890011011"
                      },
                      "Records": {
                        "Loading": {
                          "LoadPlace": "A3",
                          "LoadTime": "20200925163928.321"
                        }
                      }
                    }
                  },
                  {
                    "Baggage": {
                      "ID": {
                        "BagTag": "7890011012"
                      },
                      "Records": {
                        "Loading": {
                          "LoadPlace": "A3",
                          "LoadTime": "20200925163928.321"
                        }
                      }
                    }
                  }
                ]
              }
            }
          ]
        }
      },
      {
        "Truck": {
          "BasicInfo": {
            "ID": {
              "TruckTag": "A3-A12",
              "SealTag": "truckseal922"
            },
            "Records": {
              "DeliveryTime": "20200925163928.321",
              "ContainerCount": 2,
              "GUID": "Car_truckseal922_20200925163928_1",
              "Location": "A3",
              "PDASN": "PDA-01"
            }
          },
          "Containers": [
            {
              "Container": {
                "BasicInfo": {
                  "ID": {
                    "ContainerTag": "315012",
                    "SealTag": "0122012"
                  },
                  "Records": {
                    "SealTime": "20200925163928.321",
                    "LoadTime": "20200925163928.321",
                    "BagCount": 3,
                    "GUID": "Container_0122012_20200925163928_3",
                    "Location": "A3",
                    "PDASN": "PDA-02"
                  }
                },
                "LoadedBaggage": [
                  {
                    "Baggage": {
                      "ID": {
                        "BagTag": "7890012011"
                      },
                      "Records": {
                        "Loading": {
                          "LoadPlace": "A3",
                          "LoadTime": "20200925163928.321"
                        }
                      }
                    }
                  },
                  {
                    "Baggage": {
                      "ID": {
                        "BagTag": "7890012012"
                      },
                      "Records": {
                        "Loading": {
                          "LoadPlace": "A3",
                          "LoadTime": "20200925163928.321"
                        }
                      }
                    }
                  },
                  {
                    "Baggage": {
                      "ID": {
                        "BagTag": "7890012013"
                      },
                      "Records": {
                        "Loading": {
                          "LoadPlace": "A3",
                          "LoadTime": "20200925163928.321"
                        }
                      }
                    }
                  }
                ]
              }
            }
          ]
        }
      }
    ]
  }
}

09:48:45.317 INFO  - 開始解析行李裝載資料列表字串，Service_Mode = '0'，, setDate = '2020/10/22 上午 12:00:00'
09:49:34.849 INFO  - 所接收的行李裝載資料列表字串 = 
{
  "LoadingList": {
    "Header": {
      "Source": "SYS_A3",
      "Destination": "SYS_BRS",
      "SendTime": "20200925163928.321"
    },
    "Body": [
      {
        "Truck": {
          "BasicInfo": {
            "ID": {
              "TruckTag": "A3-A11",
              "SealTag": "truckseal921"
            },
            "Records": {
              "DeliveryTime": "20200925163928.321",
              "ContainerCount": 1,
              "GUID": "Car_truckseal921_20200925163928_1",
              "Location": "A3",
              "PDASN": "PDA-01"
            }
          },
          "Containers": [
            {
              "Container": {
                "BasicInfo": {
                  "ID": {
                    "ContainerTag": "315011",
                    "SealTag": "0122011"
                  },
                  "Records": {
                    "SealTime": "20200925163928.321",
                    "LoadTime": "20200925163928.321",
                    "BagCount": 2,
                    "GUID": "Container_0122011_20200925163928_2",
                    "Location": "A3",
                    "PDASN": "PDA-01"
                  }
                },
                "LoadedBaggage": [
                  {
                    "Baggage": {
                      "ID": {
                        "BagTag": "7890011011"
                      },
                      "Records": {
                        "Loading": {
                          "LoadPlace": "A3",
                          "LoadTime": "20200925163928.321"
                        }
                      }
                    }
                  },
                  {
                    "Baggage": {
                      "ID": {
                        "BagTag": "7890011012"
                      },
                      "Records": {
                        "Loading": {
                          "LoadPlace": "A3",
                          "LoadTime": "20200925163928.321"
                        }
                      }
                    }
                  }
                ]
              }
            }
          ]
        }
      },
      {
        "Truck": {
          "BasicInfo": {
            "ID": {
              "TruckTag": "A3-A12",
              "SealTag": "truckseal922"
            },
            "Records": {
              "DeliveryTime": "20200925163928.321",
              "ContainerCount": 2,
              "GUID": "Car_truckseal922_20200925163928_1",
              "Location": "A3",
              "PDASN": "PDA-01"
            }
          },
          "Containers": [
            {
              "Container": {
                "BasicInfo": {
                  "ID": {
                    "ContainerTag": "315012",
                    "SealTag": "0122012"
                  },
                  "Records": {
                    "SealTime": "20200925163928.321",
                    "LoadTime": "20200925163928.321",
                    "BagCount": 3,
                    "GUID": "Container_0122012_20200925163928_3",
                    "Location": "A3",
                    "PDASN": "PDA-02"
                  }
                },
                "LoadedBaggage": [
                  {
                    "Baggage": {
                      "ID": {
                        "BagTag": "7890012011"
                      },
                      "Records": {
                        "Loading": {
                          "LoadPlace": "A3",
                          "LoadTime": "20200925163928.321"
                        }
                      }
                    }
                  },
                  {
                    "Baggage": {
                      "ID": {
                        "BagTag": "7890012012"
                      },
                      "Records": {
                        "Loading": {
                          "LoadPlace": "A3",
                          "LoadTime": "20200925163928.321"
                        }
                      }
                    }
                  },
                  {
                    "Baggage": {
                      "ID": {
                        "BagTag": "7890012013"
                      },
                      "Records": {
                        "Loading": {
                          "LoadPlace": "A3",
                          "LoadTime": "20200925163928.321"
                        }
                      }
                    }
                  }
                ]
              }
            }
          ]
        }
      }
    ]
  }
}

09:49:34.871 INFO  - 開始解析行李裝載資料列表字串，Service_Mode = '0'，, setDate = '2020/10/22 上午 12:00:00'
09:52:54.112 INFO  - 所接收的行李裝載資料列表字串 = 
{
  "LoadingList": {
    "Header": {
      "Source": "SYS_A3",
      "Destination": "SYS_BRS",
      "SendTime": "20200925163928.321"
    },
    "Body": [
      {
        "Truck": {
          "BasicInfo": {
            "ID": {
              "TruckTag": "A3-A11",
              "SealTag": "truckseal921"
            },
            "Records": {
              "DeliveryTime": "20200925163928.321",
              "ContainerCount": 1,
              "GUID": "Car_truckseal921_20200925163928_1",
              "Location": "A3",
              "PDASN": "PDA-01"
            }
          },
          "Containers": [
            {
              "Container": {
                "BasicInfo": {
                  "ID": {
                    "ContainerTag": "315011",
                    "SealTag": "0122011"
                  },
                  "Records": {
                    "SealTime": "20200925163928.321",
                    "LoadTime": "20200925163928.321",
                    "BagCount": 2,
                    "GUID": "Container_0122011_20200925163928_2",
                    "Location": "A3",
                    "PDASN": "PDA-01"
                  }
                },
                "LoadedBaggage": [
                  {
                    "Baggage": {
                      "ID": {
                        "BagTag": "7890011011"
                      },
                      "Records": {
                        "Loading": {
                          "LoadPlace": "A3",
                          "LoadTime": "20200925163928.321"
                        }
                      }
                    }
                  },
                  {
                    "Baggage": {
                      "ID": {
                        "BagTag": "7890011012"
                      },
                      "Records": {
                        "Loading": {
                          "LoadPlace": "A3",
                          "LoadTime": "20200925163928.321"
                        }
                      }
                    }
                  }
                ]
              }
            }
          ]
        }
      },
      {
        "Truck": {
          "BasicInfo": {
            "ID": {
              "TruckTag": "A3-A12",
              "SealTag": "truckseal922"
            },
            "Records": {
              "DeliveryTime": "20200925163928.321",
              "ContainerCount": 2,
              "GUID": "Car_truckseal922_20200925163928_1",
              "Location": "A3",
              "PDASN": "PDA-01"
            }
          },
          "Containers": [
            {
              "Container": {
                "BasicInfo": {
                  "ID": {
                    "ContainerTag": "315012",
                    "SealTag": "0122012"
                  },
                  "Records": {
                    "SealTime": "20200925163928.321",
                    "LoadTime": "20200925163928.321",
                    "BagCount": 3,
                    "GUID": "Container_0122012_20200925163928_3",
                    "Location": "A3",
                    "PDASN": "PDA-02"
                  }
                },
                "LoadedBaggage": [
                  {
                    "Baggage": {
                      "ID": {
                        "BagTag": "7890012011"
                      },
                      "Records": {
                        "Loading": {
                          "LoadPlace": "A3",
                          "LoadTime": "20200925163928.321"
                        }
                      }
                    }
                  },
                  {
                    "Baggage": {
                      "ID": {
                        "BagTag": "7890012012"
                      },
                      "Records": {
                        "Loading": {
                          "LoadPlace": "A3",
                          "LoadTime": "20200925163928.321"
                        }
                      }
                    }
                  },
                  {
                    "Baggage": {
                      "ID": {
                        "BagTag": "7890012013"
                      },
                      "Records": {
                        "Loading": {
                          "LoadPlace": "A3",
                          "LoadTime": "20200925163928.321"
                        }
                      }
                    }
                  }
                ]
              }
            }
          ]
        }
      }
    ]
  }
}

09:52:54.136 INFO  - 開始解析行李裝載資料列表字串，Service_Mode = '0'，, setDate = '2020/10/22 上午 12:00:00'
09:52:59.120 INFO  - 行李裝載資料列表Json字串解析驗證成功，並完成新的或非正規裝載之行李資訊輸入
09:54:59.109 INFO  - 所接收的行李裝載資料列表字串 = 
{
  "LoadingList": {
    "Header": {
      "Source": "SYS_PDA",
      "Destination": "SYS_BRS",
      "SendTime": "20200925163928.321"
    },
    "Body": [
      {
        "Baggage": {
          "ID": {
            "BagTag": "7890011999"
          },
          "Records": {
            "Loading": {
              "LoadPlace": "T2",
              "LoadTime": "20200925163928.321"
            }
          }
        }
      },
      {
        "Baggage": {
          "ID": {
            "BagTag": "7890011998"
          },
          "Records": {
            "Loading": {
              "LoadPlace": "T2",
              "LoadTime": "20200925163928.321"
            }
          }
        }
      }
    ]
  }
}

09:54:59.136 INFO  - 開始解析行李裝載資料列表字串，Service_Mode = '0'，, setDate = '2020/10/22 上午 12:00:00'
09:57:04.507 INFO  - 所接收的行李裝載資料列表字串 = 
{
  "LoadingList": {
    "Header": {
      "Source": "SYS_PDA",
      "Destination": "SYS_BRS",
      "SendTime": "20200925163928.321"
    },
    "Body": [
      {
        "Baggage": {
          "ID": {
            "BagTag": "7890011999"
          },
          "Records": {
            "Loading": {
              "LoadPlace": "T2",
              "LoadTime": "20200925163928.321"
            }
          }
        }
      },
      {
        "Baggage": {
          "ID": {
            "BagTag": "7890011998"
          },
          "Records": {
            "Loading": {
              "LoadPlace": "T2",
              "LoadTime": "20200925163928.321"
            }
          }
        }
      }
    ]
  }
}

09:57:04.530 INFO  - 開始解析行李裝載資料列表字串，Service_Mode = '0'，, setDate = '2020/10/22 上午 12:00:00'
09:58:35.788 INFO  - 所接收的行李裝載資料列表字串 = 
{
  "LoadingList": {
    "Header": {
      "Source": "SYS_PDA",
      "Destination": "SYS_BRS",
      "SendTime": "20200925163928.321"
    },
    "Body": [
      {
        "Baggage": {
          "ID": {
            "BagTag": "7890011999"
          },
          "Records": {
            "Loading": {
              "LoadPlace": "T2",
              "LoadTime": "20200925163928.321"
            }
          }
        }
      },
      {
        "Baggage": {
          "ID": {
            "BagTag": "7890011998"
          },
          "Records": {
            "Loading": {
              "LoadPlace": "T2",
              "LoadTime": "20200925163928.321"
            }
          }
        }
      }
    ]
  }
}

09:58:35.815 INFO  - 開始解析行李裝載資料列表字串，Service_Mode = '0'，, setDate = '2020/10/22 上午 12:00:00'
09:58:37.210 INFO  - 行李裝載資料列表Json字串解析驗證成功，並完成新的或非正規裝載之行李資訊輸入
